Arguments: 
  /home/alunos/.nvm/versions/node/v16.13.1/bin/node /home/alunos/.nvm/versions/node/v16.13.1/bin/yarn install

PATH: 
  /opt/root/bin:/home/alunos/.nvm/versions/node/v16.13.1/bin:/usr/local/sbin:/usr/local/bin:/usr/sbin:/usr/bin:/sbin:/bin:/usr/games:/usr/local/games

Yarn version: 
  1.22.17

Node version: 
  16.13.1

Platform: 
  linux x64

Trace: 
  Error: ENOENT: no such file or directory, copyfile '/home/alunos/.cache/yarn/v6/npm-@expo-config-types-45.0.0-963c2fdce8fbcbd003758b92ed8a25375f437ef6-integrity/node_modules/@expo/config-types/build/ExpoConfig.js' -> '/var/www/Diandra/node_modules/@expo/config/node_modules/@expo/config-types/build/ExpoConfig.js'

npm manifest: 
  {
    "name": "diandra",
    "version": "1.0.0",
    "main": "node_modules/expo/AppEntry.js",
    "scripts": {
      "start": "expo start",
      "android": "expo start --android",
      "ios": "expo start --ios",
      "web": "expo start --web",
      "eject": "expo eject"
    },
    "dependencies": {
      "@expo/vector-icons": "^12.0.5",
      "@react-native-async-storage/async-storage": "~1.15.0",
      "@react-native-masked-view/masked-view": "0.2.6",
      "@react-navigation/bottom-tabs": "^6.2.0",
      "@react-navigation/drawer": "^6.3.3",
      "@react-navigation/native": "^6.0.8",
      "@react-navigation/native-stack": "^6.5.2",
      "@react-navigation/stack": "^6.1.1",
      "axios": "^0.27.2",
      "date-fns": "^2.29.2",
      "deprecated-react-native-prop-types": "^2.3.0",
      "expo": "~44.0.0",
      "expo-av": "~10.2.0",
      "expo-barcode-scanner": "~11.2.0",
      "expo-camera": "~12.1.2",
      "expo-image-picker": "~12.0.1",
      "expo-location": "~14.0.1",
      "expo-media-library": "~14.0.0",
      "expo-status-bar": "~1.2.0",
      "expo-updates": "~0.11.7",
      "lottie-react-native": "5.0.1",
      "react": "17.0.1",
      "react-dom": "17.0.1",
      "react-native": "0.64.3",
      "react-native-gesture-handler": "~2.1.0",
      "react-native-google-places-autocomplete": "^2.4.1",
      "react-native-maps": "0.29.4",
      "react-native-multiple-select": "^0.5.11",
      "react-native-reanimated": "~2.3.1",
      "react-native-safe-area-context": "3.3.2",
      "react-native-screens": "~3.10.1",
      "react-native-web": "0.17.1",
      "expo-notifications": "~0.14.0",
      "expo-device": "~4.1.0"
    },
    "devDependencies": {
      "@babel/core": "^7.12.9",
      "@types/react": "~17.0.21",
      "@types/react-native": "~0.64.12",
      "typescript": "~4.3.5"
    },
    "private": true
  }

yarn manifest: 
  No manifest

Lockfile: 
  No lockfile
